# configure exec: ./configure --prefix=/Users/ricardohbin/dev/kafka-avro/node_modules/node-rdkafka/build/deps --libdir=/Users/ricardohbin/dev/kafka-avro/node_modules/node-rdkafka/build/deps --prefix=/Users/ricardohbin/dev/kafka-avro/node_modules/node-rdkafka/build/deps --libdir=/Users/ricardohbin/dev/kafka-avro/node_modules/node-rdkafka/build/deps
# On Tue Sep 24 11:09:41 -03 2019
DBG 86745: Setting distro (distro) status to ok (action ignore)
DBG 86745: ccenv: WITH_CC:  --version failed: mklove/modules/configure.base: line 1711: --version: command not found
DBG 86745: Setting ccenv (ccenv) status to failed (action cont)
DBG 86745: Check ccenv (WITH_CC, action cont (originally cont)) failed: command ' --version' failed:
mklove/modules/configure.base: line 1711: --version: command not found
DBG 86745: Setting gcc (gcc) status to ok (action cont)
DBG 86745: cxxenv: WITH_CXX:  --version failed: mklove/modules/configure.base: line 1711: --version: command not found
DBG 86745: Setting cxxenv (cxxenv) status to failed (action cont)
DBG 86745: Check cxxenv (WITH_CXX, action cont (originally cont)) failed: command ' --version' failed:
mklove/modules/configure.base: line 1711: --version: command not found
DBG 86745: Setting gxx (gxx) status to ok (action cont)
DBG 86745: Setting ld (ld) status to ok (action disable)
DBG 86745: Setting nm (nm) status to ok (action disable)
DBG 86745: Setting objdump (objdump) status to ok (action disable)
DBG 86745: Setting strip (strip) status to ok (action disable)
DBG 86745: Compile check cc_g_dwarf () (sub=0): gcc   -Wall -Werror _mkltmp9C3LvY.c -o _mkltmp9C3LvY.c.o  -L/Users/ricardohbin/dev/kafka-avro/node_modules/node-rdkafka/build/deps -gstrict-dwarf
DBG 86745: Setting cc_g_dwarf (cc_g_dwarf) status to ok (action cont)
DBG 86745: pkgconfig: WITH_PKGCONFIG: pkg-config --version failed: mklove/modules/configure.base: line 1711: pkg-config: command not found
DBG 86745: Setting pkgconfig (pkgconfig) status to failed (action cont)
DBG 86745: Check pkgconfig (WITH_PKGCONFIG, action cont (originally cont)) failed: command 'pkg-config --version' failed:
mklove/modules/configure.base: line 1711: pkg-config: command not found
DBG 86745: install: WITH_INSTALL: install --version failed: install: illegal option -- -
usage: install [-bCcpSsv] [-B suffix] [-f flags] [-g group] [-m mode]
               [-o owner] file1 file2
       install [-bCcpSsv] [-B suffix] [-f flags] [-g group] [-m mode]
               [-o owner] file1 ... fileN directory
       install -d [-v] [-g group] [-m mode] [-o owner] directory ...
DBG 86745: Setting install (install) status to failed (action cont)
DBG 86745: Check install (WITH_INSTALL, action cont (originally cont)) failed: command 'install --version' failed:
install: illegal option -- -
usage: install [-bCcpSsv] [-B suffix] [-f flags] [-g group] [-m mode]
               [-o owner] file1 file2
       install [-bCcpSsv] [-B suffix] [-f flags] [-g group] [-m mode]
               [-o owner] file1 ... fileN directory
       install -d [-v] [-g group] [-m mode] [-o owner] directory ...
DBG 86745: Compile check PIC (HAVE_PIC) (sub=0): gcc  -gstrict-dwarf -O2 -Wall -Werror _mkltmp5tEFse.c -o _mkltmp5tEFse.c.o  -L/Users/ricardohbin/dev/kafka-avro/node_modules/node-rdkafka/build/deps -fPIC
DBG 86745: Setting PIC (PIC) status to ok (action disable)
DBG 86745: Compile check gnulib (WITH_GNULD) (sub=0): gcc  -gstrict-dwarf -O2 -fPIC -Wall -Werror _mkltmp5ACSRn.c -o _mkltmp5ACSRn.c.o  -L/Users/ricardohbin/dev/kafka-avro/node_modules/node-rdkafka/build/deps -shared -Wl,-soname,mkltest.0
DBG 86745: compile check for gnulib (WITH_GNULD) failed: gcc  -gstrict-dwarf -O2 -fPIC -Wall -Werror _mkltmp5ACSRn.c -o _mkltmp5ACSRn.c.o  -L/Users/ricardohbin/dev/kafka-avro/node_modules/node-rdkafka/build/deps -shared -Wl,-soname,mkltest.0: ld: unknown option: -soname
clang: error: linker command failed with exit code 1 (use -v to see invocation)
DBG 86745: Setting gnulib (gnulib) status to failed (action cont)
DBG 86745: Check gnulib (WITH_GNULD, action cont (originally cont)) failed: compile check failed:
CC: CC
flags: -shared -Wl,-soname,mkltest.0
gcc  -gstrict-dwarf -O2 -fPIC -Wall -Werror _mkltmp5ACSRn.c -o _mkltmp5ACSRn.c.o  -L/Users/ricardohbin/dev/kafka-avro/node_modules/node-rdkafka/build/deps -shared -Wl,-soname,mkltest.0:
ld: unknown option: -soname
clang: error: linker command failed with exit code 1 (use -v to see invocation)
source: 
DBG 86745: Compile check osxlib (WITH_OSXLD) (sub=0): gcc  -gstrict-dwarf -O2 -fPIC -Wall -Werror _mkltmp3Ikuix.c -o _mkltmp3Ikuix.c.o  -L/Users/ricardohbin/dev/kafka-avro/node_modules/node-rdkafka/build/deps -dynamiclib -Wl,-install_name,/tmp/mkltest.so.0
DBG 86745: Setting osxlib (osxlib) status to ok (action cont)
DBG 86745: Compile check ldsflagvs () (sub=0): gcc  -gstrict-dwarf -O2 -fPIC -Wall -Werror _mkltmp4lIdnL.c -o _mkltmp4lIdnL.c.o  -L/Users/ricardohbin/dev/kafka-avro/node_modules/node-rdkafka/build/deps -shared -Wl,--version-script=_mkltmpXReI7O
DBG 86745: compile check for ldsflagvs () failed: gcc  -gstrict-dwarf -O2 -fPIC -Wall -Werror _mkltmp4lIdnL.c -o _mkltmp4lIdnL.c.o  -L/Users/ricardohbin/dev/kafka-avro/node_modules/node-rdkafka/build/deps -shared -Wl,--version-script=_mkltmpXReI7O: ld: unknown option: --version-script=_mkltmpXReI7O
clang: error: linker command failed with exit code 1 (use -v to see invocation)
DBG 86745: Setting ldsflagvs (ldsflagvs) status to failed (action cont)
DBG 86745: Check ldsflagvs (, action cont (originally cont)) failed: compile check failed:
CC: CC
flags: -shared -Wl,--version-script=_mkltmpXReI7O
gcc  -gstrict-dwarf -O2 -fPIC -Wall -Werror _mkltmp4lIdnL.c -o _mkltmp4lIdnL.c.o  -L/Users/ricardohbin/dev/kafka-avro/node_modules/node-rdkafka/build/deps -shared -Wl,--version-script=_mkltmpXReI7O:
ld: unknown option: --version-script=_mkltmpXReI7O
clang: error: linker command failed with exit code 1 (use -v to see invocation)
source: 
DBG 86745: Compile check ldsflagm () (sub=0): gcc  -gstrict-dwarf -O2 -fPIC -Wall -Werror _mkltmpLgA9g8.c -o _mkltmpLgA9g8.c.o  -L/Users/ricardohbin/dev/kafka-avro/node_modules/node-rdkafka/build/deps -shared -Wl,-M_mkltmpXReI7O
DBG 86745: compile check for ldsflagm () failed: gcc  -gstrict-dwarf -O2 -fPIC -Wall -Werror _mkltmpLgA9g8.c -o _mkltmpLgA9g8.c.o  -L/Users/ricardohbin/dev/kafka-avro/node_modules/node-rdkafka/build/deps -shared -Wl,-M_mkltmpXReI7O: ld: unknown option: -M_mkltmpXReI7O
clang: error: linker command failed with exit code 1 (use -v to see invocation)
DBG 86745: Setting ldsflagm (ldsflagm) status to failed (action ignore)
DBG 86745: Check ldsflagm (, action ignore (originally ignore)) failed: compile check failed:
CC: CC
flags: -shared -Wl,-M_mkltmpXReI7O
gcc  -gstrict-dwarf -O2 -fPIC -Wall -Werror _mkltmpLgA9g8.c -o _mkltmpLgA9g8.c.o  -L/Users/ricardohbin/dev/kafka-avro/node_modules/node-rdkafka/build/deps -shared -Wl,-M_mkltmpXReI7O:
ld: unknown option: -M_mkltmpXReI7O
clang: error: linker command failed with exit code 1 (use -v to see invocation)
source: 
DBG 86745: Compile check __atomic_32 (HAVE_ATOMICS_32) (sub=0): gcc  -gstrict-dwarf -O2 -fPIC -Wall -Werror _mkltmpjaQH6P.c -o _mkltmpjaQH6P.c.o  -L/Users/ricardohbin/dev/kafka-avro/node_modules/node-rdkafka/build/deps 
DBG 86745: Setting __atomic_32 (__atomic_32) status to ok (action cont)
DBG 86745: Compile check __atomic_64 (HAVE_ATOMICS_64) (sub=0): gcc  -gstrict-dwarf -O2 -fPIC -Wall -Werror _mkltmpYhecMc.c -o _mkltmpYhecMc.c.o  -L/Users/ricardohbin/dev/kafka-avro/node_modules/node-rdkafka/build/deps 
DBG 86745: Setting __atomic_64 (__atomic_64) status to ok (action cont)
DBG 86745: Compile check socket () (sub=0): gcc  -gstrict-dwarf -O2 -fPIC -Wall -Wsign-compare -Wfloat-equal -Wpointer-arith -Wcast-align -Wall -Werror _mkltmpCocp5m.c -o _mkltmpCocp5m.c.o  -L/Users/ricardohbin/dev/kafka-avro/node_modules/node-rdkafka/build/deps 
DBG 86745: Setting socket (socket) status to ok (action cont)
DBG 86745: Setting parseversion (parseversion) status to ok (action cont)
DBG 86745: librt: Check for static library (libs -lrt, arfile variable STATIC_LIB_librt=, static filenames )
DBG 86745: Compile check librt () (sub=0): gcc  -gstrict-dwarf -O2 -fPIC -Wall -Wsign-compare -Wfloat-equal -Wpointer-arith -Wcast-align -Wall -Werror _mkltmpXsYWax.c -o _mkltmpXsYWax.c.o  -L/Users/ricardohbin/dev/kafka-avro/node_modules/node-rdkafka/build/deps -lrt
DBG 86745: compile check for librt () failed: gcc  -gstrict-dwarf -O2 -fPIC -Wall -Wsign-compare -Wfloat-equal -Wpointer-arith -Wcast-align -Wall -Werror _mkltmpXsYWax.c -o _mkltmpXsYWax.c.o  -L/Users/ricardohbin/dev/kafka-avro/node_modules/node-rdkafka/build/deps -lrt: ld: library not found for -lrt
clang: error: linker command failed with exit code 1 (use -v to see invocation)
DBG 86745: Setting librt (librt) status to failed (action cont)
DBG 86745: Check librt (, action cont (originally cont)) failed: compile check failed:
CC: CC
flags: -lrt
gcc  -gstrict-dwarf -O2 -fPIC -Wall -Wsign-compare -Wfloat-equal -Wpointer-arith -Wcast-align -Wall -Werror _mkltmpXsYWax.c -o _mkltmpXsYWax.c.o  -L/Users/ricardohbin/dev/kafka-avro/node_modules/node-rdkafka/build/deps -lrt:
ld: library not found for -lrt
clang: error: linker command failed with exit code 1 (use -v to see invocation)
source: 
DBG 86745: libpthread: Check for static library (libs -lpthread, arfile variable STATIC_LIB_libpthread=, static filenames )
DBG 86745: Compile check libpthread () (sub=0): gcc  -gstrict-dwarf -O2 -fPIC -Wall -Wsign-compare -Wfloat-equal -Wpointer-arith -Wcast-align -Wall -Werror _mkltmpFQsSnf.c -o _mkltmpFQsSnf.c.o  -L/Users/ricardohbin/dev/kafka-avro/node_modules/node-rdkafka/build/deps -lpthread
DBG 86745: Setting libpthread (libpthread) status to ok (action fail)
DBG 86745: libpthread: from lib_check: LIBS: prepend -lpthread
DBG 86745: c11threads: Check for static library (libs -lpthread, arfile variable STATIC_LIB_c11threads=, static filenames )
DBG 86745: Compile check c11threads (WITH_C11THREADS) (sub=0): gcc  -gstrict-dwarf -O2 -fPIC -Wall -Wsign-compare -Wfloat-equal -Wpointer-arith -Wcast-align -Wall -Werror _mkltmpe9m8w7.c -o _mkltmpe9m8w7.c.o  -L/Users/ricardohbin/dev/kafka-avro/node_modules/node-rdkafka/build/deps -lpthread
DBG 86745: compile check for c11threads (WITH_C11THREADS) failed: gcc  -gstrict-dwarf -O2 -fPIC -Wall -Wsign-compare -Wfloat-equal -Wpointer-arith -Wcast-align -Wall -Werror _mkltmpe9m8w7.c -o _mkltmpe9m8w7.c.o  -L/Users/ricardohbin/dev/kafka-avro/node_modules/node-rdkafka/build/deps -lpthread: _mkltmpe9m8w7.c:2:10: fatal error: 'threads.h' file not found
#include <threads.h>
         ^~~~~~~~~~~
1 error generated.
DBG 86745: Setting c11threads (c11threads) status to failed (action disable)
DBG 86745: Check c11threads (WITH_C11THREADS, action disable (originally disable)) failed: compile check failed:
CC: CC
flags: -lpthread
gcc  -gstrict-dwarf -O2 -fPIC -Wall -Wsign-compare -Wfloat-equal -Wpointer-arith -Wcast-align -Wall -Werror _mkltmpe9m8w7.c -o _mkltmpe9m8w7.c.o  -L/Users/ricardohbin/dev/kafka-avro/node_modules/node-rdkafka/build/deps -lpthread:
_mkltmpe9m8w7.c:2:10: fatal error: 'threads.h' file not found
#include <threads.h>
         ^~~~~~~~~~~
1 error generated.
source: 
#include <threads.h>


static int start_func (void *arg) {
   int iarg = *(int *)arg;
   return iarg;
}

void foo (void) {
    thrd_t thr;
    int arg = 1;
    if (thrd_create(&thr, start_func, (void *)&arg) != thrd_success) {
      ;
    }
}

DBG 86745: libdl: Check for static library (libs -ldl, arfile variable STATIC_LIB_libdl=, static filenames )
DBG 86745: Compile check libdl (WITH_LIBDL) (sub=0): gcc  -gstrict-dwarf -O2 -fPIC -Wall -Wsign-compare -Wfloat-equal -Wpointer-arith -Wcast-align -Wall -Werror _mkltmpLA5Ybt.c -o _mkltmpLA5Ybt.c.o  -L/Users/ricardohbin/dev/kafka-avro/node_modules/node-rdkafka/build/deps -ldl
DBG 86745: Setting libdl (libdl) status to ok (action disable)
DBG 86745: libdl: from lib_check: LIBS: prepend -ldl
DBG 86745: zlib: Check for static library (libs -lz, arfile variable STATIC_LIB_zlib=, static filenames libz.a)
DBG 86745: Compile check zlib (WITH_ZLIB) (sub=0): gcc  -gstrict-dwarf -O2 -fPIC -Wall -Wsign-compare -Wfloat-equal -Wpointer-arith -Wcast-align -Wall -Werror _mkltmpWeTqwN.c -o _mkltmpWeTqwN.c.o  -L/Users/ricardohbin/dev/kafka-avro/node_modules/node-rdkafka/build/deps -lz
DBG 86745: Setting zlib (zlib) status to ok (action disable)
DBG 86745: zlib: from lib_check: LIBS: prepend -lz
DBG 86745: libcrypto: Check for static library (libs -lcrypto, arfile variable STATIC_LIB_libcrypto=, static filenames libcrypto.a)
DBG 86745: Compile check libcrypto () (sub=0): gcc  -gstrict-dwarf -O2 -fPIC -Wall -Wsign-compare -Wfloat-equal -Wpointer-arith -Wcast-align -Wall -Werror _mkltmpd4AdEj.c -o _mkltmpd4AdEj.c.o  -L/Users/ricardohbin/dev/kafka-avro/node_modules/node-rdkafka/build/deps -lcrypto
DBG 86745: compile check for libcrypto () failed: gcc  -gstrict-dwarf -O2 -fPIC -Wall -Wsign-compare -Wfloat-equal -Wpointer-arith -Wcast-align -Wall -Werror _mkltmpd4AdEj.c -o _mkltmpd4AdEj.c.o  -L/Users/ricardohbin/dev/kafka-avro/node_modules/node-rdkafka/build/deps -lcrypto: _mkltmpd4AdEj.c:2:10: fatal error: 'openssl/ssl.h' file not found
#include <openssl/ssl.h>
         ^~~~~~~~~~~~~~~
1 error generated.
DBG 86745: Setting libcrypto (libcrypto) status to failed (action disable)
DBG 86745: Check libcrypto (, action disable (originally disable)) failed: compile check failed:
CC: CC
flags: -lcrypto
gcc  -gstrict-dwarf -O2 -fPIC -Wall -Wsign-compare -Wfloat-equal -Wpointer-arith -Wcast-align -Wall -Werror _mkltmpd4AdEj.c -o _mkltmpd4AdEj.c.o  -L/Users/ricardohbin/dev/kafka-avro/node_modules/node-rdkafka/build/deps -lcrypto:
_mkltmpd4AdEj.c:2:10: fatal error: 'openssl/ssl.h' file not found
#include <openssl/ssl.h>
         ^~~~~~~~~~~~~~~
1 error generated.
source: 
#include <openssl/ssl.h>
#include <openssl/evp.h>
#if OPENSSL_VERSION_NUMBER < 0x1000100fL
#error "Requires OpenSSL version >= v1.0.1"
#endif
DBG 86745: libsasl2: Check for static library (libs -lsasl2, arfile variable STATIC_LIB_libsasl2=, static filenames )
DBG 86745: Compile check libsasl2 (WITH_SASL_CYRUS) (sub=0): gcc  -gstrict-dwarf -O2 -fPIC -Wall -Wsign-compare -Wfloat-equal -Wpointer-arith -Wcast-align -Wall -Werror _mkltmpu3vjLz.c -o _mkltmpu3vjLz.c.o  -L/Users/ricardohbin/dev/kafka-avro/node_modules/node-rdkafka/build/deps -lsasl2
DBG 86745: Setting libsasl2 (libsasl2) status to ok (action disable)
DBG 86745: libsasl2: from lib_check: LIBS: prepend -lsasl2
DBG 86745: libzstd: Check for static library (libs -lzstd, arfile variable STATIC_LIB_libzstd=, static filenames libzstd.a)
DBG 86745: Compile check libzstd (WITH_ZSTD) (sub=0): gcc  -gstrict-dwarf -O2 -fPIC -Wall -Wsign-compare -Wfloat-equal -Wpointer-arith -Wcast-align -Wall -Werror _mkltmpK8Tpyt.c -o _mkltmpK8Tpyt.c.o  -L/Users/ricardohbin/dev/kafka-avro/node_modules/node-rdkafka/build/deps -lzstd
DBG 86745: compile check for libzstd (WITH_ZSTD) failed: gcc  -gstrict-dwarf -O2 -fPIC -Wall -Wsign-compare -Wfloat-equal -Wpointer-arith -Wcast-align -Wall -Werror _mkltmpK8Tpyt.c -o _mkltmpK8Tpyt.c.o  -L/Users/ricardohbin/dev/kafka-avro/node_modules/node-rdkafka/build/deps -lzstd: _mkltmpK8Tpyt.c:2:10: fatal error: 'zstd.h' file not found
#include <zstd.h>
         ^~~~~~~~
1 error generated.
DBG 86745: Setting libzstd (libzstd) status to failed (action disable)
DBG 86745: Check libzstd (WITH_ZSTD, action disable (originally disable)) failed: compile check failed:
CC: CC
flags: -lzstd
gcc  -gstrict-dwarf -O2 -fPIC -Wall -Wsign-compare -Wfloat-equal -Wpointer-arith -Wcast-align -Wall -Werror _mkltmpK8Tpyt.c -o _mkltmpK8Tpyt.c.o  -L/Users/ricardohbin/dev/kafka-avro/node_modules/node-rdkafka/build/deps -lzstd:
_mkltmpK8Tpyt.c:2:10: fatal error: 'zstd.h' file not found
#include <zstd.h>
         ^~~~~~~~
1 error generated.
source: 
#include <zstd.h>
#include <zstd_errors.h>

void foo (void) {
     ZSTD_getFrameContentSize(NULL, 0);
}

DBG 86745: libm: Check for static library (libs -lm, arfile variable STATIC_LIB_libm=, static filenames )
DBG 86745: Compile check libm () (sub=0): gcc  -gstrict-dwarf -O2 -fPIC -Wall -Wsign-compare -Wfloat-equal -Wpointer-arith -Wcast-align -Wall -Werror _mkltmpjzx9mw.c -o _mkltmpjzx9mw.c.o  -L/Users/ricardohbin/dev/kafka-avro/node_modules/node-rdkafka/build/deps -lm
DBG 86745: Setting libm (libm) status to ok (action disable)
DBG 86745: libm: from lib_check: LIBS: prepend -lm
DBG 86745: liblz4: Check for static library (libs -llz4, arfile variable STATIC_LIB_liblz4=, static filenames liblz4.a)
DBG 86745: Compile check liblz4 (WITH_LZ4_EXT) (sub=0): gcc  -gstrict-dwarf -O2 -fPIC -Wall -Wsign-compare -Wfloat-equal -Wpointer-arith -Wcast-align -Wall -Werror _mkltmpELPONj.c -o _mkltmpELPONj.c.o  -L/Users/ricardohbin/dev/kafka-avro/node_modules/node-rdkafka/build/deps -llz4
DBG 86745: compile check for liblz4 (WITH_LZ4_EXT) failed: gcc  -gstrict-dwarf -O2 -fPIC -Wall -Wsign-compare -Wfloat-equal -Wpointer-arith -Wcast-align -Wall -Werror _mkltmpELPONj.c -o _mkltmpELPONj.c.o  -L/Users/ricardohbin/dev/kafka-avro/node_modules/node-rdkafka/build/deps -llz4: _mkltmpELPONj.c:1:10: fatal error: 'lz4frame.h' file not found
#include <lz4frame.h>
         ^~~~~~~~~~~~
1 error generated.
DBG 86745: Setting liblz4 (liblz4) status to failed (action disable)
DBG 86745: Check liblz4 (WITH_LZ4_EXT, action disable (originally disable)) failed: compile check failed:
CC: CC
flags: -llz4
gcc  -gstrict-dwarf -O2 -fPIC -Wall -Wsign-compare -Wfloat-equal -Wpointer-arith -Wcast-align -Wall -Werror _mkltmpELPONj.c -o _mkltmpELPONj.c.o  -L/Users/ricardohbin/dev/kafka-avro/node_modules/node-rdkafka/build/deps -llz4:
_mkltmpELPONj.c:1:10: fatal error: 'lz4frame.h' file not found
#include <lz4frame.h>
         ^~~~~~~~~~~~
1 error generated.
source: #include <lz4frame.h>
DBG 86745: Compile check rapidjson (WITH_RAPIDJSON) (sub=0): g++  -gstrict-dwarf -O2 -fPIC -Wall -Wsign-compare -Wfloat-equal -Wpointer-arith -Wcast-align -Wall -Werror _mkltmpyKWPYv.cpp -o _mkltmpyKWPYv.cpp.o  -L/Users/ricardohbin/dev/kafka-avro/node_modules/node-rdkafka/build/deps 
DBG 86745: compile check for rapidjson (WITH_RAPIDJSON) failed: g++  -gstrict-dwarf -O2 -fPIC -Wall -Wsign-compare -Wfloat-equal -Wpointer-arith -Wcast-align -Wall -Werror _mkltmpyKWPYv.cpp -o _mkltmpyKWPYv.cpp.o  -L/Users/ricardohbin/dev/kafka-avro/node_modules/node-rdkafka/build/deps : _mkltmpyKWPYv.cpp:1:10: fatal error: 'rapidjson/schema.h' file not found
#include <rapidjson/schema.h>
         ^~~~~~~~~~~~~~~~~~~~
1 error generated.
DBG 86745: Setting rapidjson (rapidjson) status to failed (action disable)
DBG 86745: Check rapidjson (WITH_RAPIDJSON, action disable (originally disable)) failed: compile check failed:
CC: CXX
flags: 
g++  -gstrict-dwarf -O2 -fPIC -Wall -Wsign-compare -Wfloat-equal -Wpointer-arith -Wcast-align -Wall -Werror _mkltmpyKWPYv.cpp -o _mkltmpyKWPYv.cpp.o  -L/Users/ricardohbin/dev/kafka-avro/node_modules/node-rdkafka/build/deps :
_mkltmpyKWPYv.cpp:1:10: fatal error: 'rapidjson/schema.h' file not found
#include <rapidjson/schema.h>
         ^~~~~~~~~~~~~~~~~~~~
1 error generated.
source: #include <rapidjson/schema.h>
DBG 86745: Compile check crc32chw (WITH_CRC32C_HW) (sub=0): gcc  -gstrict-dwarf -O2 -fPIC -Wall -Wsign-compare -Wfloat-equal -Wpointer-arith -Wcast-align -Wall -Werror _mkltmpq5szaY.c -o _mkltmpq5szaY.c.o  -L/Users/ricardohbin/dev/kafka-avro/node_modules/node-rdkafka/build/deps 
DBG 86745: Setting crc32chw (crc32chw) status to ok (action disable)
DBG 86745: Compile check regex (HAVE_REGEX) (sub=0): gcc  -gstrict-dwarf -O2 -fPIC -Wall -Wsign-compare -Wfloat-equal -Wpointer-arith -Wcast-align -Wall -Werror _mkltmpwx8fik.c -o _mkltmpwx8fik.c.o  -L/Users/ricardohbin/dev/kafka-avro/node_modules/node-rdkafka/build/deps 
DBG 86745: Setting regex (regex) status to ok (action disable)
DBG 86745: Compile check strndup (HAVE_STRNDUP) (sub=0): gcc  -gstrict-dwarf -O2 -fPIC -Wall -Wsign-compare -Wfloat-equal -Wpointer-arith -Wcast-align -Wall -Werror _mkltmpqvhgsa.c -o _mkltmpqvhgsa.c.o  -L/Users/ricardohbin/dev/kafka-avro/node_modules/node-rdkafka/build/deps 
DBG 86745: Setting strndup (strndup) status to ok (action disable)
DBG 86745: Compile check strerror_r (HAVE_STRERROR_R) (sub=0): gcc  -gstrict-dwarf -O2 -fPIC -Wall -Wsign-compare -Wfloat-equal -Wpointer-arith -Wcast-align -Wall -Werror _mkltmpOq19LZ.c -o _mkltmpOq19LZ.c.o  -L/Users/ricardohbin/dev/kafka-avro/node_modules/node-rdkafka/build/deps 
DBG 86745: Setting strerror_r (strerror_r) status to ok (action disable)
DBG 86745: Compile check pthread_setname_gnu (HAVE_PTHREAD_SETNAME_GNU) (sub=0): gcc  -gstrict-dwarf -O2 -fPIC -Wall -Wsign-compare -Wfloat-equal -Wpointer-arith -Wcast-align -Wall -Werror _mkltmpOx5HvL.c -o _mkltmpOx5HvL.c.o  -L/Users/ricardohbin/dev/kafka-avro/node_modules/node-rdkafka/build/deps -D_GNU_SOURCE -lpthread
DBG 86745: compile check for pthread_setname_gnu (HAVE_PTHREAD_SETNAME_GNU) failed: gcc  -gstrict-dwarf -O2 -fPIC -Wall -Wsign-compare -Wfloat-equal -Wpointer-arith -Wcast-align -Wall -Werror _mkltmpOx5HvL.c -o _mkltmpOx5HvL.c.o  -L/Users/ricardohbin/dev/kafka-avro/node_modules/node-rdkafka/build/deps -D_GNU_SOURCE -lpthread: _mkltmpOx5HvL.c:5:38: error: too many arguments to function call, expected 1, have 2
  pthread_setname_np(pthread_self(), "abc");
  ~~~~~~~~~~~~~~~~~~                 ^~~~~
/usr/include/pthread.h:512:1: note: 'pthread_setname_np' declared here
__API_AVAILABLE(macos(10.6), ios(3.2))
^
/usr/include/Availability.h:449:144: note: expanded from macro '__API_AVAILABLE'
    #define __API_AVAILABLE(...) __API_AVAILABLE_GET_MACRO(__VA_ARGS__,__API_AVAILABLE6, __API_AVAILABLE5, __API_AVAILABLE4, __API_AVAILABLE3, __API_AVAILABLE2, __API_AVAILABLE1, 0)(__VA_ARGS__)
                                                                                                                                               ^
1 error generated.
DBG 86745: Setting pthread_setname_gnu (pthread_setname_gnu) status to failed (action disable)
DBG 86745: Check pthread_setname_gnu (HAVE_PTHREAD_SETNAME_GNU, action disable (originally disable)) failed: compile check failed:
CC: CC
flags: -D_GNU_SOURCE -lpthread
gcc  -gstrict-dwarf -O2 -fPIC -Wall -Wsign-compare -Wfloat-equal -Wpointer-arith -Wcast-align -Wall -Werror _mkltmpOx5HvL.c -o _mkltmpOx5HvL.c.o  -L/Users/ricardohbin/dev/kafka-avro/node_modules/node-rdkafka/build/deps -D_GNU_SOURCE -lpthread:
_mkltmpOx5HvL.c:5:38: error: too many arguments to function call, expected 1, have 2
  pthread_setname_np(pthread_self(), "abc");
  ~~~~~~~~~~~~~~~~~~                 ^~~~~
/usr/include/pthread.h:512:1: note: 'pthread_setname_np' declared here
__API_AVAILABLE(macos(10.6), ios(3.2))
^
/usr/include/Availability.h:449:144: note: expanded from macro '__API_AVAILABLE'
    #define __API_AVAILABLE(...) __API_AVAILABLE_GET_MACRO(__VA_ARGS__,__API_AVAILABLE6, __API_AVAILABLE5, __API_AVAILABLE4, __API_AVAILABLE3, __API_AVAILABLE2, __API_AVAILABLE1, 0)(__VA_ARGS__)
                                                                                                                                               ^
1 error generated.
source: 
#include <pthread.h>

void foo (void) {
  pthread_setname_np(pthread_self(), "abc");
}

DBG 86745: Setting nm (nm) status to ok (action cont)
