# configure exec: ./configure --prefix=/Users/manojkumar/IdeaProjects/testKakfa/node_modules/node-rdkafka/build/deps --libdir=/Users/manojkumar/IdeaProjects/testKakfa/node_modules/node-rdkafka/build/deps --prefix=/Users/manojkumar/IdeaProjects/testKakfa/node_modules/node-rdkafka/build/deps --libdir=/Users/manojkumar/IdeaProjects/testKakfa/node_modules/node-rdkafka/build/deps
# On Tue Apr  7 21:45:09 EDT 2020
DBG 29685: Setting distro (distro) status to ok (action ignore)
DBG 29685: ccenv: WITH_CC:  --version failed: mklove/modules/configure.base: line 1711: --version: command not found
DBG 29685: Setting ccenv (ccenv) status to failed (action cont)
DBG 29685: Check ccenv (WITH_CC, action cont (originally cont)) failed: command ' --version' failed:
mklove/modules/configure.base: line 1711: --version: command not found
DBG 29685: Setting gcc (gcc) status to ok (action cont)
DBG 29685: cxxenv: WITH_CXX:  --version failed: mklove/modules/configure.base: line 1711: --version: command not found
DBG 29685: Setting cxxenv (cxxenv) status to failed (action cont)
DBG 29685: Check cxxenv (WITH_CXX, action cont (originally cont)) failed: command ' --version' failed:
mklove/modules/configure.base: line 1711: --version: command not found
DBG 29685: Setting gxx (gxx) status to ok (action cont)
DBG 29685: Setting ld (ld) status to ok (action disable)
DBG 29685: Setting nm (nm) status to ok (action disable)
DBG 29685: Setting objdump (objdump) status to ok (action disable)
DBG 29685: Setting strip (strip) status to ok (action disable)
DBG 29685: Compile check cc_g_dwarf () (sub=0): gcc   -Wall -Werror _mkltmpGqT3K5.c -o _mkltmpGqT3K5.c.o  -L/Users/manojkumar/IdeaProjects/testKakfa/node_modules/node-rdkafka/build/deps -gstrict-dwarf
DBG 29685: Setting cc_g_dwarf (cc_g_dwarf) status to ok (action cont)
DBG 29685: pkgconfig: WITH_PKGCONFIG: pkg-config --version failed: mklove/modules/configure.base: line 1711: pkg-config: command not found
DBG 29685: Setting pkgconfig (pkgconfig) status to failed (action cont)
DBG 29685: Check pkgconfig (WITH_PKGCONFIG, action cont (originally cont)) failed: command 'pkg-config --version' failed:
mklove/modules/configure.base: line 1711: pkg-config: command not found
DBG 29685: install: WITH_INSTALL: install --version failed: install: illegal option -- -
usage: install [-bCcpSsv] [-B suffix] [-f flags] [-g group] [-m mode]
               [-o owner] file1 file2
       install [-bCcpSsv] [-B suffix] [-f flags] [-g group] [-m mode]
               [-o owner] file1 ... fileN directory
       install -d [-v] [-g group] [-m mode] [-o owner] directory ...
DBG 29685: Setting install (install) status to failed (action cont)
DBG 29685: Check install (WITH_INSTALL, action cont (originally cont)) failed: command 'install --version' failed:
install: illegal option -- -
usage: install [-bCcpSsv] [-B suffix] [-f flags] [-g group] [-m mode]
               [-o owner] file1 file2
       install [-bCcpSsv] [-B suffix] [-f flags] [-g group] [-m mode]
               [-o owner] file1 ... fileN directory
       install -d [-v] [-g group] [-m mode] [-o owner] directory ...
DBG 29685: Compile check PIC (HAVE_PIC) (sub=0): gcc  -gstrict-dwarf -O2 -Wall -Werror _mkltmpQxkol6.c -o _mkltmpQxkol6.c.o  -L/Users/manojkumar/IdeaProjects/testKakfa/node_modules/node-rdkafka/build/deps -fPIC
DBG 29685: Setting PIC (PIC) status to ok (action disable)
DBG 29685: Compile check gnulib (WITH_GNULD) (sub=0): gcc  -gstrict-dwarf -O2 -fPIC -Wall -Werror _mkltmpB8gqQl.c -o _mkltmpB8gqQl.c.o  -L/Users/manojkumar/IdeaProjects/testKakfa/node_modules/node-rdkafka/build/deps -shared -Wl,-soname,mkltest.0
DBG 29685: compile check for gnulib (WITH_GNULD) failed: gcc  -gstrict-dwarf -O2 -fPIC -Wall -Werror _mkltmpB8gqQl.c -o _mkltmpB8gqQl.c.o  -L/Users/manojkumar/IdeaProjects/testKakfa/node_modules/node-rdkafka/build/deps -shared -Wl,-soname,mkltest.0: ld: unknown option: -soname
clang: error: linker command failed with exit code 1 (use -v to see invocation)
DBG 29685: Setting gnulib (gnulib) status to failed (action cont)
DBG 29685: Check gnulib (WITH_GNULD, action cont (originally cont)) failed: compile check failed:
CC: CC
flags: -shared -Wl,-soname,mkltest.0
gcc  -gstrict-dwarf -O2 -fPIC -Wall -Werror _mkltmpB8gqQl.c -o _mkltmpB8gqQl.c.o  -L/Users/manojkumar/IdeaProjects/testKakfa/node_modules/node-rdkafka/build/deps -shared -Wl,-soname,mkltest.0:
ld: unknown option: -soname
clang: error: linker command failed with exit code 1 (use -v to see invocation)
source: 
DBG 29685: Compile check osxlib (WITH_OSXLD) (sub=0): gcc  -gstrict-dwarf -O2 -fPIC -Wall -Werror _mkltmp99mF1U.c -o _mkltmp99mF1U.c.o  -L/Users/manojkumar/IdeaProjects/testKakfa/node_modules/node-rdkafka/build/deps -dynamiclib -Wl,-install_name,/tmp/mkltest.so.0
DBG 29685: Setting osxlib (osxlib) status to ok (action cont)
DBG 29685: Compile check ldsflagvs () (sub=0): gcc  -gstrict-dwarf -O2 -fPIC -Wall -Werror _mkltmprag7hA.c -o _mkltmprag7hA.c.o  -L/Users/manojkumar/IdeaProjects/testKakfa/node_modules/node-rdkafka/build/deps -shared -Wl,--version-script=_mkltmpdlRmc5
DBG 29685: compile check for ldsflagvs () failed: gcc  -gstrict-dwarf -O2 -fPIC -Wall -Werror _mkltmprag7hA.c -o _mkltmprag7hA.c.o  -L/Users/manojkumar/IdeaProjects/testKakfa/node_modules/node-rdkafka/build/deps -shared -Wl,--version-script=_mkltmpdlRmc5: ld: unknown option: --version-script=_mkltmpdlRmc5
clang: error: linker command failed with exit code 1 (use -v to see invocation)
DBG 29685: Setting ldsflagvs (ldsflagvs) status to failed (action cont)
DBG 29685: Check ldsflagvs (, action cont (originally cont)) failed: compile check failed:
CC: CC
flags: -shared -Wl,--version-script=_mkltmpdlRmc5
gcc  -gstrict-dwarf -O2 -fPIC -Wall -Werror _mkltmprag7hA.c -o _mkltmprag7hA.c.o  -L/Users/manojkumar/IdeaProjects/testKakfa/node_modules/node-rdkafka/build/deps -shared -Wl,--version-script=_mkltmpdlRmc5:
ld: unknown option: --version-script=_mkltmpdlRmc5
clang: error: linker command failed with exit code 1 (use -v to see invocation)
source: 
DBG 29685: Compile check ldsflagm () (sub=0): gcc  -gstrict-dwarf -O2 -fPIC -Wall -Werror _mkltmpgHkHlB.c -o _mkltmpgHkHlB.c.o  -L/Users/manojkumar/IdeaProjects/testKakfa/node_modules/node-rdkafka/build/deps -shared -Wl,-M_mkltmpdlRmc5
DBG 29685: compile check for ldsflagm () failed: gcc  -gstrict-dwarf -O2 -fPIC -Wall -Werror _mkltmpgHkHlB.c -o _mkltmpgHkHlB.c.o  -L/Users/manojkumar/IdeaProjects/testKakfa/node_modules/node-rdkafka/build/deps -shared -Wl,-M_mkltmpdlRmc5: ld: unknown option: -M_mkltmpdlRmc5
clang: error: linker command failed with exit code 1 (use -v to see invocation)
DBG 29685: Setting ldsflagm (ldsflagm) status to failed (action ignore)
DBG 29685: Check ldsflagm (, action ignore (originally ignore)) failed: compile check failed:
CC: CC
flags: -shared -Wl,-M_mkltmpdlRmc5
gcc  -gstrict-dwarf -O2 -fPIC -Wall -Werror _mkltmpgHkHlB.c -o _mkltmpgHkHlB.c.o  -L/Users/manojkumar/IdeaProjects/testKakfa/node_modules/node-rdkafka/build/deps -shared -Wl,-M_mkltmpdlRmc5:
ld: unknown option: -M_mkltmpdlRmc5
clang: error: linker command failed with exit code 1 (use -v to see invocation)
source: 
DBG 29685: Compile check __atomic_32 (HAVE_ATOMICS_32) (sub=0): gcc  -gstrict-dwarf -O2 -fPIC -Wall -Werror _mkltmpczwERz.c -o _mkltmpczwERz.c.o  -L/Users/manojkumar/IdeaProjects/testKakfa/node_modules/node-rdkafka/build/deps 
DBG 29685: Setting __atomic_32 (__atomic_32) status to ok (action cont)
DBG 29685: Compile check __atomic_64 (HAVE_ATOMICS_64) (sub=0): gcc  -gstrict-dwarf -O2 -fPIC -Wall -Werror _mkltmp1h1OLl.c -o _mkltmp1h1OLl.c.o  -L/Users/manojkumar/IdeaProjects/testKakfa/node_modules/node-rdkafka/build/deps 
DBG 29685: Setting __atomic_64 (__atomic_64) status to ok (action cont)
DBG 29685: Compile check socket () (sub=0): gcc  -gstrict-dwarf -O2 -fPIC -Wall -Wsign-compare -Wfloat-equal -Wpointer-arith -Wcast-align -Wall -Werror _mkltmpKQdC1X.c -o _mkltmpKQdC1X.c.o  -L/Users/manojkumar/IdeaProjects/testKakfa/node_modules/node-rdkafka/build/deps 
DBG 29685: Setting socket (socket) status to ok (action cont)
DBG 29685: Setting parseversion (parseversion) status to ok (action cont)
DBG 29685: librt: Check for static library (libs -lrt, arfile variable STATIC_LIB_librt=, static filenames )
DBG 29685: Compile check librt () (sub=0): gcc  -gstrict-dwarf -O2 -fPIC -Wall -Wsign-compare -Wfloat-equal -Wpointer-arith -Wcast-align -Wall -Werror _mkltmpzIHi9V.c -o _mkltmpzIHi9V.c.o  -L/Users/manojkumar/IdeaProjects/testKakfa/node_modules/node-rdkafka/build/deps -lrt
DBG 29685: compile check for librt () failed: gcc  -gstrict-dwarf -O2 -fPIC -Wall -Wsign-compare -Wfloat-equal -Wpointer-arith -Wcast-align -Wall -Werror _mkltmpzIHi9V.c -o _mkltmpzIHi9V.c.o  -L/Users/manojkumar/IdeaProjects/testKakfa/node_modules/node-rdkafka/build/deps -lrt: ld: library not found for -lrt
clang: error: linker command failed with exit code 1 (use -v to see invocation)
DBG 29685: Setting librt (librt) status to failed (action cont)
DBG 29685: Check librt (, action cont (originally cont)) failed: compile check failed:
CC: CC
flags: -lrt
gcc  -gstrict-dwarf -O2 -fPIC -Wall -Wsign-compare -Wfloat-equal -Wpointer-arith -Wcast-align -Wall -Werror _mkltmpzIHi9V.c -o _mkltmpzIHi9V.c.o  -L/Users/manojkumar/IdeaProjects/testKakfa/node_modules/node-rdkafka/build/deps -lrt:
ld: library not found for -lrt
clang: error: linker command failed with exit code 1 (use -v to see invocation)
source: 
DBG 29685: libpthread: Check for static library (libs -lpthread, arfile variable STATIC_LIB_libpthread=, static filenames )
DBG 29685: Compile check libpthread () (sub=0): gcc  -gstrict-dwarf -O2 -fPIC -Wall -Wsign-compare -Wfloat-equal -Wpointer-arith -Wcast-align -Wall -Werror _mkltmpHN7S5u.c -o _mkltmpHN7S5u.c.o  -L/Users/manojkumar/IdeaProjects/testKakfa/node_modules/node-rdkafka/build/deps -lpthread
DBG 29685: Setting libpthread (libpthread) status to ok (action fail)
DBG 29685: libpthread: from lib_check: LIBS: prepend -lpthread
DBG 29685: c11threads: Check for static library (libs -lpthread, arfile variable STATIC_LIB_c11threads=, static filenames )
DBG 29685: Compile check c11threads (WITH_C11THREADS) (sub=0): gcc  -gstrict-dwarf -O2 -fPIC -Wall -Wsign-compare -Wfloat-equal -Wpointer-arith -Wcast-align -Wall -Werror _mkltmpOyyBaQ.c -o _mkltmpOyyBaQ.c.o  -L/Users/manojkumar/IdeaProjects/testKakfa/node_modules/node-rdkafka/build/deps -lpthread
DBG 29685: compile check for c11threads (WITH_C11THREADS) failed: gcc  -gstrict-dwarf -O2 -fPIC -Wall -Wsign-compare -Wfloat-equal -Wpointer-arith -Wcast-align -Wall -Werror _mkltmpOyyBaQ.c -o _mkltmpOyyBaQ.c.o  -L/Users/manojkumar/IdeaProjects/testKakfa/node_modules/node-rdkafka/build/deps -lpthread: _mkltmpOyyBaQ.c:2:10: fatal error: 'threads.h' file not found
#include <threads.h>
         ^~~~~~~~~~~
1 error generated.
DBG 29685: Setting c11threads (c11threads) status to failed (action disable)
DBG 29685: Check c11threads (WITH_C11THREADS, action disable (originally disable)) failed: compile check failed:
CC: CC
flags: -lpthread
gcc  -gstrict-dwarf -O2 -fPIC -Wall -Wsign-compare -Wfloat-equal -Wpointer-arith -Wcast-align -Wall -Werror _mkltmpOyyBaQ.c -o _mkltmpOyyBaQ.c.o  -L/Users/manojkumar/IdeaProjects/testKakfa/node_modules/node-rdkafka/build/deps -lpthread:
_mkltmpOyyBaQ.c:2:10: fatal error: 'threads.h' file not found
#include <threads.h>
         ^~~~~~~~~~~
1 error generated.
source: 
#include <threads.h>


static int start_func (void *arg) {
   int iarg = *(int *)arg;
   return iarg;
}

void foo (void) {
    thrd_t thr;
    int arg = 1;
    if (thrd_create(&thr, start_func, (void *)&arg) != thrd_success) {
      ;
    }
}

DBG 29685: libdl: Check for static library (libs -ldl, arfile variable STATIC_LIB_libdl=, static filenames )
DBG 29685: Compile check libdl (WITH_LIBDL) (sub=0): gcc  -gstrict-dwarf -O2 -fPIC -Wall -Wsign-compare -Wfloat-equal -Wpointer-arith -Wcast-align -Wall -Werror _mkltmpVqFMM4.c -o _mkltmpVqFMM4.c.o  -L/Users/manojkumar/IdeaProjects/testKakfa/node_modules/node-rdkafka/build/deps -ldl
DBG 29685: Setting libdl (libdl) status to ok (action disable)
DBG 29685: libdl: from lib_check: LIBS: prepend -ldl
DBG 29685: zlib: Check for static library (libs -lz, arfile variable STATIC_LIB_zlib=, static filenames libz.a)
DBG 29685: Compile check zlib (WITH_ZLIB) (sub=0): gcc  -gstrict-dwarf -O2 -fPIC -Wall -Wsign-compare -Wfloat-equal -Wpointer-arith -Wcast-align -Wall -Werror _mkltmp2cK1oJ.c -o _mkltmp2cK1oJ.c.o  -L/Users/manojkumar/IdeaProjects/testKakfa/node_modules/node-rdkafka/build/deps -lz
DBG 29685: Setting zlib (zlib) status to ok (action disable)
DBG 29685: zlib: from lib_check: LIBS: prepend -lz
DBG 29685: libcrypto: Check for static library (libs -lcrypto, arfile variable STATIC_LIB_libcrypto=, static filenames libcrypto.a)
DBG 29685: Compile check libcrypto () (sub=0): gcc  -gstrict-dwarf -O2 -fPIC -Wall -Wsign-compare -Wfloat-equal -Wpointer-arith -Wcast-align -Wall -Werror _mkltmpo5buAP.c -o _mkltmpo5buAP.c.o  -L/Users/manojkumar/IdeaProjects/testKakfa/node_modules/node-rdkafka/build/deps -lcrypto
DBG 29685: compile check for libcrypto () failed: gcc  -gstrict-dwarf -O2 -fPIC -Wall -Wsign-compare -Wfloat-equal -Wpointer-arith -Wcast-align -Wall -Werror _mkltmpo5buAP.c -o _mkltmpo5buAP.c.o  -L/Users/manojkumar/IdeaProjects/testKakfa/node_modules/node-rdkafka/build/deps -lcrypto: _mkltmpo5buAP.c:2:10: fatal error: 'openssl/ssl.h' file not found
#include <openssl/ssl.h>
         ^~~~~~~~~~~~~~~
1 error generated.
DBG 29685: Setting libcrypto (libcrypto) status to failed (action disable)
DBG 29685: Check libcrypto (, action disable (originally disable)) failed: compile check failed:
CC: CC
flags: -lcrypto
gcc  -gstrict-dwarf -O2 -fPIC -Wall -Wsign-compare -Wfloat-equal -Wpointer-arith -Wcast-align -Wall -Werror _mkltmpo5buAP.c -o _mkltmpo5buAP.c.o  -L/Users/manojkumar/IdeaProjects/testKakfa/node_modules/node-rdkafka/build/deps -lcrypto:
_mkltmpo5buAP.c:2:10: fatal error: 'openssl/ssl.h' file not found
#include <openssl/ssl.h>
         ^~~~~~~~~~~~~~~
1 error generated.
source: 
#include <openssl/ssl.h>
#include <openssl/evp.h>
#if OPENSSL_VERSION_NUMBER < 0x1000100fL
#error "Requires OpenSSL version >= v1.0.1"
#endif
DBG 29685: libsasl2: Check for static library (libs -lsasl2, arfile variable STATIC_LIB_libsasl2=, static filenames )
DBG 29685: Compile check libsasl2 (WITH_SASL_CYRUS) (sub=0): gcc  -gstrict-dwarf -O2 -fPIC -Wall -Wsign-compare -Wfloat-equal -Wpointer-arith -Wcast-align -Wall -Werror _mkltmpH7sbsK.c -o _mkltmpH7sbsK.c.o  -L/Users/manojkumar/IdeaProjects/testKakfa/node_modules/node-rdkafka/build/deps -lsasl2
DBG 29685: Setting libsasl2 (libsasl2) status to ok (action disable)
DBG 29685: libsasl2: from lib_check: LIBS: prepend -lsasl2
DBG 29685: libzstd: Check for static library (libs -lzstd, arfile variable STATIC_LIB_libzstd=, static filenames libzstd.a)
DBG 29685: Compile check libzstd (WITH_ZSTD) (sub=0): gcc  -gstrict-dwarf -O2 -fPIC -Wall -Wsign-compare -Wfloat-equal -Wpointer-arith -Wcast-align -Wall -Werror _mkltmpOzlQ7f.c -o _mkltmpOzlQ7f.c.o  -L/Users/manojkumar/IdeaProjects/testKakfa/node_modules/node-rdkafka/build/deps -lzstd
DBG 29685: compile check for libzstd (WITH_ZSTD) failed: gcc  -gstrict-dwarf -O2 -fPIC -Wall -Wsign-compare -Wfloat-equal -Wpointer-arith -Wcast-align -Wall -Werror _mkltmpOzlQ7f.c -o _mkltmpOzlQ7f.c.o  -L/Users/manojkumar/IdeaProjects/testKakfa/node_modules/node-rdkafka/build/deps -lzstd: _mkltmpOzlQ7f.c:2:10: fatal error: 'zstd.h' file not found
#include <zstd.h>
         ^~~~~~~~
1 error generated.
DBG 29685: Setting libzstd (libzstd) status to failed (action disable)
DBG 29685: Check libzstd (WITH_ZSTD, action disable (originally disable)) failed: compile check failed:
CC: CC
flags: -lzstd
gcc  -gstrict-dwarf -O2 -fPIC -Wall -Wsign-compare -Wfloat-equal -Wpointer-arith -Wcast-align -Wall -Werror _mkltmpOzlQ7f.c -o _mkltmpOzlQ7f.c.o  -L/Users/manojkumar/IdeaProjects/testKakfa/node_modules/node-rdkafka/build/deps -lzstd:
_mkltmpOzlQ7f.c:2:10: fatal error: 'zstd.h' file not found
#include <zstd.h>
         ^~~~~~~~
1 error generated.
source: 
#include <zstd.h>
#include <zstd_errors.h>

void foo (void) {
     ZSTD_getFrameContentSize(NULL, 0);
}

DBG 29685: libm: Check for static library (libs -lm, arfile variable STATIC_LIB_libm=, static filenames )
DBG 29685: Compile check libm () (sub=0): gcc  -gstrict-dwarf -O2 -fPIC -Wall -Wsign-compare -Wfloat-equal -Wpointer-arith -Wcast-align -Wall -Werror _mkltmppVcLMC.c -o _mkltmppVcLMC.c.o  -L/Users/manojkumar/IdeaProjects/testKakfa/node_modules/node-rdkafka/build/deps -lm
DBG 29685: Setting libm (libm) status to ok (action disable)
DBG 29685: libm: from lib_check: LIBS: prepend -lm
DBG 29685: liblz4: Check for static library (libs -llz4, arfile variable STATIC_LIB_liblz4=, static filenames liblz4.a)
DBG 29685: Compile check liblz4 (WITH_LZ4_EXT) (sub=0): gcc  -gstrict-dwarf -O2 -fPIC -Wall -Wsign-compare -Wfloat-equal -Wpointer-arith -Wcast-align -Wall -Werror _mkltmpdJ24DW.c -o _mkltmpdJ24DW.c.o  -L/Users/manojkumar/IdeaProjects/testKakfa/node_modules/node-rdkafka/build/deps -llz4
DBG 29685: compile check for liblz4 (WITH_LZ4_EXT) failed: gcc  -gstrict-dwarf -O2 -fPIC -Wall -Wsign-compare -Wfloat-equal -Wpointer-arith -Wcast-align -Wall -Werror _mkltmpdJ24DW.c -o _mkltmpdJ24DW.c.o  -L/Users/manojkumar/IdeaProjects/testKakfa/node_modules/node-rdkafka/build/deps -llz4: _mkltmpdJ24DW.c:1:10: fatal error: 'lz4frame.h' file not found
#include <lz4frame.h>
         ^~~~~~~~~~~~
1 error generated.
DBG 29685: Setting liblz4 (liblz4) status to failed (action disable)
DBG 29685: Check liblz4 (WITH_LZ4_EXT, action disable (originally disable)) failed: compile check failed:
CC: CC
flags: -llz4
gcc  -gstrict-dwarf -O2 -fPIC -Wall -Wsign-compare -Wfloat-equal -Wpointer-arith -Wcast-align -Wall -Werror _mkltmpdJ24DW.c -o _mkltmpdJ24DW.c.o  -L/Users/manojkumar/IdeaProjects/testKakfa/node_modules/node-rdkafka/build/deps -llz4:
_mkltmpdJ24DW.c:1:10: fatal error: 'lz4frame.h' file not found
#include <lz4frame.h>
         ^~~~~~~~~~~~
1 error generated.
source: #include <lz4frame.h>
DBG 29685: Compile check rapidjson (WITH_RAPIDJSON) (sub=0): g++  -gstrict-dwarf -O2 -fPIC -Wall -Wsign-compare -Wfloat-equal -Wpointer-arith -Wcast-align -Wall -Werror _mkltmpllysKj.cpp -o _mkltmpllysKj.cpp.o  -L/Users/manojkumar/IdeaProjects/testKakfa/node_modules/node-rdkafka/build/deps 
DBG 29685: compile check for rapidjson (WITH_RAPIDJSON) failed: g++  -gstrict-dwarf -O2 -fPIC -Wall -Wsign-compare -Wfloat-equal -Wpointer-arith -Wcast-align -Wall -Werror _mkltmpllysKj.cpp -o _mkltmpllysKj.cpp.o  -L/Users/manojkumar/IdeaProjects/testKakfa/node_modules/node-rdkafka/build/deps : _mkltmpllysKj.cpp:1:10: fatal error: 'rapidjson/schema.h' file not found
#include <rapidjson/schema.h>
         ^~~~~~~~~~~~~~~~~~~~
1 error generated.
DBG 29685: Setting rapidjson (rapidjson) status to failed (action disable)
DBG 29685: Check rapidjson (WITH_RAPIDJSON, action disable (originally disable)) failed: compile check failed:
CC: CXX
flags: 
g++  -gstrict-dwarf -O2 -fPIC -Wall -Wsign-compare -Wfloat-equal -Wpointer-arith -Wcast-align -Wall -Werror _mkltmpllysKj.cpp -o _mkltmpllysKj.cpp.o  -L/Users/manojkumar/IdeaProjects/testKakfa/node_modules/node-rdkafka/build/deps :
_mkltmpllysKj.cpp:1:10: fatal error: 'rapidjson/schema.h' file not found
#include <rapidjson/schema.h>
         ^~~~~~~~~~~~~~~~~~~~
1 error generated.
source: #include <rapidjson/schema.h>
DBG 29685: Compile check crc32chw (WITH_CRC32C_HW) (sub=0): gcc  -gstrict-dwarf -O2 -fPIC -Wall -Wsign-compare -Wfloat-equal -Wpointer-arith -Wcast-align -Wall -Werror _mkltmpe0Gg42.c -o _mkltmpe0Gg42.c.o  -L/Users/manojkumar/IdeaProjects/testKakfa/node_modules/node-rdkafka/build/deps 
DBG 29685: Setting crc32chw (crc32chw) status to ok (action disable)
DBG 29685: Compile check regex (HAVE_REGEX) (sub=0): gcc  -gstrict-dwarf -O2 -fPIC -Wall -Wsign-compare -Wfloat-equal -Wpointer-arith -Wcast-align -Wall -Werror _mkltmplaBtlG.c -o _mkltmplaBtlG.c.o  -L/Users/manojkumar/IdeaProjects/testKakfa/node_modules/node-rdkafka/build/deps 
DBG 29685: Setting regex (regex) status to ok (action disable)
DBG 29685: Compile check strndup (HAVE_STRNDUP) (sub=0): gcc  -gstrict-dwarf -O2 -fPIC -Wall -Wsign-compare -Wfloat-equal -Wpointer-arith -Wcast-align -Wall -Werror _mkltmpJ7Vdhp.c -o _mkltmpJ7Vdhp.c.o  -L/Users/manojkumar/IdeaProjects/testKakfa/node_modules/node-rdkafka/build/deps 
DBG 29685: Setting strndup (strndup) status to ok (action disable)
DBG 29685: Compile check strlcpy (HAVE_STRLCPY) (sub=0): gcc  -gstrict-dwarf -O2 -fPIC -Wall -Wsign-compare -Wfloat-equal -Wpointer-arith -Wcast-align -Wall -Werror _mkltmpn1CQwN.c -o _mkltmpn1CQwN.c.o  -L/Users/manojkumar/IdeaProjects/testKakfa/node_modules/node-rdkafka/build/deps 
DBG 29685: Setting strlcpy (strlcpy) status to ok (action disable)
DBG 29685: Compile check strerror_r (HAVE_STRERROR_R) (sub=0): gcc  -gstrict-dwarf -O2 -fPIC -Wall -Wsign-compare -Wfloat-equal -Wpointer-arith -Wcast-align -Wall -Werror _mkltmpdWTKW8.c -o _mkltmpdWTKW8.c.o  -L/Users/manojkumar/IdeaProjects/testKakfa/node_modules/node-rdkafka/build/deps 
DBG 29685: Setting strerror_r (strerror_r) status to ok (action disable)
DBG 29685: Compile check pthread_setname_gnu (HAVE_PTHREAD_SETNAME_GNU) (sub=0): gcc  -gstrict-dwarf -O2 -fPIC -Wall -Wsign-compare -Wfloat-equal -Wpointer-arith -Wcast-align -Wall -Werror _mkltmpbzHbti.c -o _mkltmpbzHbti.c.o  -L/Users/manojkumar/IdeaProjects/testKakfa/node_modules/node-rdkafka/build/deps -D_GNU_SOURCE -lpthread
DBG 29685: compile check for pthread_setname_gnu (HAVE_PTHREAD_SETNAME_GNU) failed: gcc  -gstrict-dwarf -O2 -fPIC -Wall -Wsign-compare -Wfloat-equal -Wpointer-arith -Wcast-align -Wall -Werror _mkltmpbzHbti.c -o _mkltmpbzHbti.c.o  -L/Users/manojkumar/IdeaProjects/testKakfa/node_modules/node-rdkafka/build/deps -D_GNU_SOURCE -lpthread: _mkltmpbzHbti.c:5:38: error: too many arguments to function call, expected 1, have 2
  pthread_setname_np(pthread_self(), "abc");
  ~~~~~~~~~~~~~~~~~~                 ^~~~~
/Applications/Xcode.app/Contents/Developer/Platforms/MacOSX.platform/Developer/SDKs/MacOSX10.15.sdk/usr/include/pthread.h:512:1: note: 'pthread_setname_np' declared here
__API_AVAILABLE(macos(10.6), ios(3.2))
^
/Applications/Xcode.app/Contents/Developer/Platforms/MacOSX.platform/Developer/SDKs/MacOSX10.15.sdk/usr/include/Availability.h:502:162: note: expanded from macro '__API_AVAILABLE'
    #define __API_AVAILABLE(...) __API_AVAILABLE_GET_MACRO(__VA_ARGS__,__API_AVAILABLE7, __API_AVAILABLE6, __API_AVAILABLE5, __API_AVAILABLE4, __API_AVAILABLE3, __API_AVAILABLE2, __API_AVAILABLE1, 0)(__VA_ARGS__)
                                                                                                                                                                 ^
1 error generated.
DBG 29685: Setting pthread_setname_gnu (pthread_setname_gnu) status to failed (action disable)
DBG 29685: Check pthread_setname_gnu (HAVE_PTHREAD_SETNAME_GNU, action disable (originally disable)) failed: compile check failed:
CC: CC
flags: -D_GNU_SOURCE -lpthread
gcc  -gstrict-dwarf -O2 -fPIC -Wall -Wsign-compare -Wfloat-equal -Wpointer-arith -Wcast-align -Wall -Werror _mkltmpbzHbti.c -o _mkltmpbzHbti.c.o  -L/Users/manojkumar/IdeaProjects/testKakfa/node_modules/node-rdkafka/build/deps -D_GNU_SOURCE -lpthread:
_mkltmpbzHbti.c:5:38: error: too many arguments to function call, expected 1, have 2
  pthread_setname_np(pthread_self(), "abc");
  ~~~~~~~~~~~~~~~~~~                 ^~~~~
/Applications/Xcode.app/Contents/Developer/Platforms/MacOSX.platform/Developer/SDKs/MacOSX10.15.sdk/usr/include/pthread.h:512:1: note: 'pthread_setname_np' declared here
__API_AVAILABLE(macos(10.6), ios(3.2))
^
/Applications/Xcode.app/Contents/Developer/Platforms/MacOSX.platform/Developer/SDKs/MacOSX10.15.sdk/usr/include/Availability.h:502:162: note: expanded from macro '__API_AVAILABLE'
    #define __API_AVAILABLE(...) __API_AVAILABLE_GET_MACRO(__VA_ARGS__,__API_AVAILABLE7, __API_AVAILABLE6, __API_AVAILABLE5, __API_AVAILABLE4, __API_AVAILABLE3, __API_AVAILABLE2, __API_AVAILABLE1, 0)(__VA_ARGS__)
                                                                                                                                                                 ^
1 error generated.
source: 
#include <pthread.h>

void foo (void) {
  pthread_setname_np(pthread_self(), "abc");
}

DBG 29685: Compile check pthread_setname_darwin (HAVE_PTHREAD_SETNAME_DARWIN) (sub=0): gcc  -gstrict-dwarf -O2 -fPIC -Wall -Wsign-compare -Wfloat-equal -Wpointer-arith -Wcast-align -Wall -Werror _mkltmpXmCiwf.c -o _mkltmpXmCiwf.c.o  -L/Users/manojkumar/IdeaProjects/testKakfa/node_modules/node-rdkafka/build/deps -D_DARWIN_C_SOURCE -lpthread
DBG 29685: Setting pthread_setname_darwin (pthread_setname_darwin) status to ok (action disable)
DBG 29685: Setting nm (nm) status to ok (action cont)
DBG 29685: Compile check getrusage (HAVE_GETRUSAGE) (sub=0): gcc  -gstrict-dwarf -O2 -fPIC -Wall -Wsign-compare -Wfloat-equal -Wpointer-arith -Wcast-align -Wall -Werror _mkltmpqDunzx.c -o _mkltmpqDunzx.c.o  -L/Users/manojkumar/IdeaProjects/testKakfa/node_modules/node-rdkafka/build/deps 
DBG 29685: Setting getrusage (getrusage) status to ok (action disable)
