# configure exec: ./configure --prefix=/Users/ricardohbin/dev/kafka-avro/node_modules/node-rdkafka/build/deps --libdir=/Users/ricardohbin/dev/kafka-avro/node_modules/node-rdkafka/build/deps --prefix=/Users/ricardohbin/dev/kafka-avro/node_modules/node-rdkafka/build/deps --libdir=/Users/ricardohbin/dev/kafka-avro/node_modules/node-rdkafka/build/deps
# On Tue Sep 24 10:58:40 -03 2019
DBG 78609: Setting distro (distro) status to ok (action ignore)
DBG 78609: ccenv: WITH_CC:  --version failed: mklove/modules/configure.base: line 1711: --version: command not found
DBG 78609: Setting ccenv (ccenv) status to failed (action cont)
DBG 78609: Check ccenv (WITH_CC, action cont (originally cont)) failed: command ' --version' failed:
mklove/modules/configure.base: line 1711: --version: command not found
DBG 78609: Setting gcc (gcc) status to ok (action cont)
DBG 78609: cxxenv: WITH_CXX:  --version failed: mklove/modules/configure.base: line 1711: --version: command not found
DBG 78609: Setting cxxenv (cxxenv) status to failed (action cont)
DBG 78609: Check cxxenv (WITH_CXX, action cont (originally cont)) failed: command ' --version' failed:
mklove/modules/configure.base: line 1711: --version: command not found
DBG 78609: Setting gxx (gxx) status to ok (action cont)
DBG 78609: Setting ld (ld) status to ok (action disable)
DBG 78609: Setting nm (nm) status to ok (action disable)
DBG 78609: Setting objdump (objdump) status to ok (action disable)
DBG 78609: Setting strip (strip) status to ok (action disable)
DBG 78609: Compile check cc_g_dwarf () (sub=0): gcc   -Wall -Werror _mkltmpbP1XWN.c -o _mkltmpbP1XWN.c.o  -L/Users/ricardohbin/dev/kafka-avro/node_modules/node-rdkafka/build/deps -gstrict-dwarf
DBG 78609: Setting cc_g_dwarf (cc_g_dwarf) status to ok (action cont)
DBG 78609: pkgconfig: WITH_PKGCONFIG: pkg-config --version failed: mklove/modules/configure.base: line 1711: pkg-config: command not found
DBG 78609: Setting pkgconfig (pkgconfig) status to failed (action cont)
DBG 78609: Check pkgconfig (WITH_PKGCONFIG, action cont (originally cont)) failed: command 'pkg-config --version' failed:
mklove/modules/configure.base: line 1711: pkg-config: command not found
DBG 78609: install: WITH_INSTALL: install --version failed: install: illegal option -- -
usage: install [-bCcpSsv] [-B suffix] [-f flags] [-g group] [-m mode]
               [-o owner] file1 file2
       install [-bCcpSsv] [-B suffix] [-f flags] [-g group] [-m mode]
               [-o owner] file1 ... fileN directory
       install -d [-v] [-g group] [-m mode] [-o owner] directory ...
DBG 78609: Setting install (install) status to failed (action cont)
DBG 78609: Check install (WITH_INSTALL, action cont (originally cont)) failed: command 'install --version' failed:
install: illegal option -- -
usage: install [-bCcpSsv] [-B suffix] [-f flags] [-g group] [-m mode]
               [-o owner] file1 file2
       install [-bCcpSsv] [-B suffix] [-f flags] [-g group] [-m mode]
               [-o owner] file1 ... fileN directory
       install -d [-v] [-g group] [-m mode] [-o owner] directory ...
DBG 78609: Compile check PIC (HAVE_PIC) (sub=0): gcc  -gstrict-dwarf -O2 -Wall -Werror _mkltmpY2gFFf.c -o _mkltmpY2gFFf.c.o  -L/Users/ricardohbin/dev/kafka-avro/node_modules/node-rdkafka/build/deps -fPIC
DBG 78609: Setting PIC (PIC) status to ok (action disable)
DBG 78609: Compile check gnulib (WITH_GNULD) (sub=0): gcc  -gstrict-dwarf -O2 -fPIC -Wall -Werror _mkltmp1wJ0IY.c -o _mkltmp1wJ0IY.c.o  -L/Users/ricardohbin/dev/kafka-avro/node_modules/node-rdkafka/build/deps -shared -Wl,-soname,mkltest.0
DBG 78609: compile check for gnulib (WITH_GNULD) failed: gcc  -gstrict-dwarf -O2 -fPIC -Wall -Werror _mkltmp1wJ0IY.c -o _mkltmp1wJ0IY.c.o  -L/Users/ricardohbin/dev/kafka-avro/node_modules/node-rdkafka/build/deps -shared -Wl,-soname,mkltest.0: ld: unknown option: -soname
clang: error: linker command failed with exit code 1 (use -v to see invocation)
DBG 78609: Setting gnulib (gnulib) status to failed (action cont)
DBG 78609: Check gnulib (WITH_GNULD, action cont (originally cont)) failed: compile check failed:
CC: CC
flags: -shared -Wl,-soname,mkltest.0
gcc  -gstrict-dwarf -O2 -fPIC -Wall -Werror _mkltmp1wJ0IY.c -o _mkltmp1wJ0IY.c.o  -L/Users/ricardohbin/dev/kafka-avro/node_modules/node-rdkafka/build/deps -shared -Wl,-soname,mkltest.0:
ld: unknown option: -soname
clang: error: linker command failed with exit code 1 (use -v to see invocation)
source: 
DBG 78609: Compile check osxlib (WITH_OSXLD) (sub=0): gcc  -gstrict-dwarf -O2 -fPIC -Wall -Werror _mkltmpYwFfb7.c -o _mkltmpYwFfb7.c.o  -L/Users/ricardohbin/dev/kafka-avro/node_modules/node-rdkafka/build/deps -dynamiclib -Wl,-install_name,/tmp/mkltest.so.0
DBG 78609: Setting osxlib (osxlib) status to ok (action cont)
DBG 78609: Compile check ldsflagvs () (sub=0): gcc  -gstrict-dwarf -O2 -fPIC -Wall -Werror _mkltmpq6MHXp.c -o _mkltmpq6MHXp.c.o  -L/Users/ricardohbin/dev/kafka-avro/node_modules/node-rdkafka/build/deps -shared -Wl,--version-script=_mkltmpvJAYIH
DBG 78609: compile check for ldsflagvs () failed: gcc  -gstrict-dwarf -O2 -fPIC -Wall -Werror _mkltmpq6MHXp.c -o _mkltmpq6MHXp.c.o  -L/Users/ricardohbin/dev/kafka-avro/node_modules/node-rdkafka/build/deps -shared -Wl,--version-script=_mkltmpvJAYIH: ld: unknown option: --version-script=_mkltmpvJAYIH
clang: error: linker command failed with exit code 1 (use -v to see invocation)
DBG 78609: Setting ldsflagvs (ldsflagvs) status to failed (action cont)
DBG 78609: Check ldsflagvs (, action cont (originally cont)) failed: compile check failed:
CC: CC
flags: -shared -Wl,--version-script=_mkltmpvJAYIH
gcc  -gstrict-dwarf -O2 -fPIC -Wall -Werror _mkltmpq6MHXp.c -o _mkltmpq6MHXp.c.o  -L/Users/ricardohbin/dev/kafka-avro/node_modules/node-rdkafka/build/deps -shared -Wl,--version-script=_mkltmpvJAYIH:
ld: unknown option: --version-script=_mkltmpvJAYIH
clang: error: linker command failed with exit code 1 (use -v to see invocation)
source: 
DBG 78609: Compile check ldsflagm () (sub=0): gcc  -gstrict-dwarf -O2 -fPIC -Wall -Werror _mkltmpNRZ9lA.c -o _mkltmpNRZ9lA.c.o  -L/Users/ricardohbin/dev/kafka-avro/node_modules/node-rdkafka/build/deps -shared -Wl,-M_mkltmpvJAYIH
DBG 78609: compile check for ldsflagm () failed: gcc  -gstrict-dwarf -O2 -fPIC -Wall -Werror _mkltmpNRZ9lA.c -o _mkltmpNRZ9lA.c.o  -L/Users/ricardohbin/dev/kafka-avro/node_modules/node-rdkafka/build/deps -shared -Wl,-M_mkltmpvJAYIH: ld: unknown option: -M_mkltmpvJAYIH
clang: error: linker command failed with exit code 1 (use -v to see invocation)
DBG 78609: Setting ldsflagm (ldsflagm) status to failed (action ignore)
DBG 78609: Check ldsflagm (, action ignore (originally ignore)) failed: compile check failed:
CC: CC
flags: -shared -Wl,-M_mkltmpvJAYIH
gcc  -gstrict-dwarf -O2 -fPIC -Wall -Werror _mkltmpNRZ9lA.c -o _mkltmpNRZ9lA.c.o  -L/Users/ricardohbin/dev/kafka-avro/node_modules/node-rdkafka/build/deps -shared -Wl,-M_mkltmpvJAYIH:
ld: unknown option: -M_mkltmpvJAYIH
clang: error: linker command failed with exit code 1 (use -v to see invocation)
source: 
DBG 78609: Compile check __atomic_32 (HAVE_ATOMICS_32) (sub=0): gcc  -gstrict-dwarf -O2 -fPIC -Wall -Werror _mkltmpZfmmzA.c -o _mkltmpZfmmzA.c.o  -L/Users/ricardohbin/dev/kafka-avro/node_modules/node-rdkafka/build/deps 
DBG 78609: Setting __atomic_32 (__atomic_32) status to ok (action cont)
DBG 78609: Compile check __atomic_64 (HAVE_ATOMICS_64) (sub=0): gcc  -gstrict-dwarf -O2 -fPIC -Wall -Werror _mkltmpHgQOh5.c -o _mkltmpHgQOh5.c.o  -L/Users/ricardohbin/dev/kafka-avro/node_modules/node-rdkafka/build/deps 
DBG 78609: Setting __atomic_64 (__atomic_64) status to ok (action cont)
DBG 78609: Compile check socket () (sub=0): gcc  -gstrict-dwarf -O2 -fPIC -Wall -Wsign-compare -Wfloat-equal -Wpointer-arith -Wcast-align -Wall -Werror _mkltmpY9E2KN.c -o _mkltmpY9E2KN.c.o  -L/Users/ricardohbin/dev/kafka-avro/node_modules/node-rdkafka/build/deps 
DBG 78609: Setting socket (socket) status to ok (action cont)
DBG 78609: Setting parseversion (parseversion) status to ok (action cont)
DBG 78609: librt: Check for static library (libs -lrt, arfile variable STATIC_LIB_librt=, static filenames )
DBG 78609: Compile check librt () (sub=0): gcc  -gstrict-dwarf -O2 -fPIC -Wall -Wsign-compare -Wfloat-equal -Wpointer-arith -Wcast-align -Wall -Werror _mkltmpJwVN5g.c -o _mkltmpJwVN5g.c.o  -L/Users/ricardohbin/dev/kafka-avro/node_modules/node-rdkafka/build/deps -lrt
DBG 78609: compile check for librt () failed: gcc  -gstrict-dwarf -O2 -fPIC -Wall -Wsign-compare -Wfloat-equal -Wpointer-arith -Wcast-align -Wall -Werror _mkltmpJwVN5g.c -o _mkltmpJwVN5g.c.o  -L/Users/ricardohbin/dev/kafka-avro/node_modules/node-rdkafka/build/deps -lrt: ld: library not found for -lrt
clang: error: linker command failed with exit code 1 (use -v to see invocation)
DBG 78609: Setting librt (librt) status to failed (action cont)
DBG 78609: Check librt (, action cont (originally cont)) failed: compile check failed:
CC: CC
flags: -lrt
gcc  -gstrict-dwarf -O2 -fPIC -Wall -Wsign-compare -Wfloat-equal -Wpointer-arith -Wcast-align -Wall -Werror _mkltmpJwVN5g.c -o _mkltmpJwVN5g.c.o  -L/Users/ricardohbin/dev/kafka-avro/node_modules/node-rdkafka/build/deps -lrt:
ld: library not found for -lrt
clang: error: linker command failed with exit code 1 (use -v to see invocation)
source: 
DBG 78609: libpthread: Check for static library (libs -lpthread, arfile variable STATIC_LIB_libpthread=, static filenames )
DBG 78609: Compile check libpthread () (sub=0): gcc  -gstrict-dwarf -O2 -fPIC -Wall -Wsign-compare -Wfloat-equal -Wpointer-arith -Wcast-align -Wall -Werror _mkltmpKBti9y.c -o _mkltmpKBti9y.c.o  -L/Users/ricardohbin/dev/kafka-avro/node_modules/node-rdkafka/build/deps -lpthread
DBG 78609: Setting libpthread (libpthread) status to ok (action fail)
DBG 78609: libpthread: from lib_check: LIBS: prepend -lpthread
DBG 78609: c11threads: Check for static library (libs -lpthread, arfile variable STATIC_LIB_c11threads=, static filenames )
DBG 78609: Compile check c11threads (WITH_C11THREADS) (sub=0): gcc  -gstrict-dwarf -O2 -fPIC -Wall -Wsign-compare -Wfloat-equal -Wpointer-arith -Wcast-align -Wall -Werror _mkltmpFgrfTw.c -o _mkltmpFgrfTw.c.o  -L/Users/ricardohbin/dev/kafka-avro/node_modules/node-rdkafka/build/deps -lpthread
DBG 78609: compile check for c11threads (WITH_C11THREADS) failed: gcc  -gstrict-dwarf -O2 -fPIC -Wall -Wsign-compare -Wfloat-equal -Wpointer-arith -Wcast-align -Wall -Werror _mkltmpFgrfTw.c -o _mkltmpFgrfTw.c.o  -L/Users/ricardohbin/dev/kafka-avro/node_modules/node-rdkafka/build/deps -lpthread: _mkltmpFgrfTw.c:2:10: fatal error: 'threads.h' file not found
#include <threads.h>
         ^~~~~~~~~~~
1 error generated.
DBG 78609: Setting c11threads (c11threads) status to failed (action disable)
DBG 78609: Check c11threads (WITH_C11THREADS, action disable (originally disable)) failed: compile check failed:
CC: CC
flags: -lpthread
gcc  -gstrict-dwarf -O2 -fPIC -Wall -Wsign-compare -Wfloat-equal -Wpointer-arith -Wcast-align -Wall -Werror _mkltmpFgrfTw.c -o _mkltmpFgrfTw.c.o  -L/Users/ricardohbin/dev/kafka-avro/node_modules/node-rdkafka/build/deps -lpthread:
_mkltmpFgrfTw.c:2:10: fatal error: 'threads.h' file not found
#include <threads.h>
         ^~~~~~~~~~~
1 error generated.
source: 
#include <threads.h>


static int start_func (void *arg) {
   int iarg = *(int *)arg;
   return iarg;
}

void foo (void) {
    thrd_t thr;
    int arg = 1;
    if (thrd_create(&thr, start_func, (void *)&arg) != thrd_success) {
      ;
    }
}

DBG 78609: libdl: Check for static library (libs -ldl, arfile variable STATIC_LIB_libdl=, static filenames )
DBG 78609: Compile check libdl (WITH_LIBDL) (sub=0): gcc  -gstrict-dwarf -O2 -fPIC -Wall -Wsign-compare -Wfloat-equal -Wpointer-arith -Wcast-align -Wall -Werror _mkltmpoP4PEA.c -o _mkltmpoP4PEA.c.o  -L/Users/ricardohbin/dev/kafka-avro/node_modules/node-rdkafka/build/deps -ldl
DBG 78609: Setting libdl (libdl) status to ok (action disable)
DBG 78609: libdl: from lib_check: LIBS: prepend -ldl
DBG 78609: zlib: Check for static library (libs -lz, arfile variable STATIC_LIB_zlib=, static filenames libz.a)
DBG 78609: Compile check zlib (WITH_ZLIB) (sub=0): gcc  -gstrict-dwarf -O2 -fPIC -Wall -Wsign-compare -Wfloat-equal -Wpointer-arith -Wcast-align -Wall -Werror _mkltmp6hpjyK.c -o _mkltmp6hpjyK.c.o  -L/Users/ricardohbin/dev/kafka-avro/node_modules/node-rdkafka/build/deps -lz
DBG 78609: Setting zlib (zlib) status to ok (action disable)
DBG 78609: zlib: from lib_check: LIBS: prepend -lz
DBG 78609: libcrypto: Check for static library (libs -lcrypto, arfile variable STATIC_LIB_libcrypto=, static filenames libcrypto.a)
DBG 78609: Compile check libcrypto () (sub=0): gcc  -gstrict-dwarf -O2 -fPIC -Wall -Wsign-compare -Wfloat-equal -Wpointer-arith -Wcast-align -Wall -Werror _mkltmpAKWXXb.c -o _mkltmpAKWXXb.c.o  -L/Users/ricardohbin/dev/kafka-avro/node_modules/node-rdkafka/build/deps -lcrypto
DBG 78609: compile check for libcrypto () failed: gcc  -gstrict-dwarf -O2 -fPIC -Wall -Wsign-compare -Wfloat-equal -Wpointer-arith -Wcast-align -Wall -Werror _mkltmpAKWXXb.c -o _mkltmpAKWXXb.c.o  -L/Users/ricardohbin/dev/kafka-avro/node_modules/node-rdkafka/build/deps -lcrypto: _mkltmpAKWXXb.c:2:10: fatal error: 'openssl/ssl.h' file not found
#include <openssl/ssl.h>
         ^~~~~~~~~~~~~~~
1 error generated.
DBG 78609: Setting libcrypto (libcrypto) status to failed (action disable)
DBG 78609: Check libcrypto (, action disable (originally disable)) failed: compile check failed:
CC: CC
flags: -lcrypto
gcc  -gstrict-dwarf -O2 -fPIC -Wall -Wsign-compare -Wfloat-equal -Wpointer-arith -Wcast-align -Wall -Werror _mkltmpAKWXXb.c -o _mkltmpAKWXXb.c.o  -L/Users/ricardohbin/dev/kafka-avro/node_modules/node-rdkafka/build/deps -lcrypto:
_mkltmpAKWXXb.c:2:10: fatal error: 'openssl/ssl.h' file not found
#include <openssl/ssl.h>
         ^~~~~~~~~~~~~~~
1 error generated.
source: 
#include <openssl/ssl.h>
#include <openssl/evp.h>
#if OPENSSL_VERSION_NUMBER < 0x1000100fL
#error "Requires OpenSSL version >= v1.0.1"
#endif
DBG 78609: libsasl2: Check for static library (libs -lsasl2, arfile variable STATIC_LIB_libsasl2=, static filenames )
DBG 78609: Compile check libsasl2 (WITH_SASL_CYRUS) (sub=0): gcc  -gstrict-dwarf -O2 -fPIC -Wall -Wsign-compare -Wfloat-equal -Wpointer-arith -Wcast-align -Wall -Werror _mkltmprlwgIj.c -o _mkltmprlwgIj.c.o  -L/Users/ricardohbin/dev/kafka-avro/node_modules/node-rdkafka/build/deps -lsasl2
DBG 78609: Setting libsasl2 (libsasl2) status to ok (action disable)
DBG 78609: libsasl2: from lib_check: LIBS: prepend -lsasl2
DBG 78609: libzstd: Check for static library (libs -lzstd, arfile variable STATIC_LIB_libzstd=, static filenames libzstd.a)
DBG 78609: Compile check libzstd (WITH_ZSTD) (sub=0): gcc  -gstrict-dwarf -O2 -fPIC -Wall -Wsign-compare -Wfloat-equal -Wpointer-arith -Wcast-align -Wall -Werror _mkltmpAVlWUC.c -o _mkltmpAVlWUC.c.o  -L/Users/ricardohbin/dev/kafka-avro/node_modules/node-rdkafka/build/deps -lzstd
DBG 78609: compile check for libzstd (WITH_ZSTD) failed: gcc  -gstrict-dwarf -O2 -fPIC -Wall -Wsign-compare -Wfloat-equal -Wpointer-arith -Wcast-align -Wall -Werror _mkltmpAVlWUC.c -o _mkltmpAVlWUC.c.o  -L/Users/ricardohbin/dev/kafka-avro/node_modules/node-rdkafka/build/deps -lzstd: _mkltmpAVlWUC.c:2:10: fatal error: 'zstd.h' file not found
#include <zstd.h>
         ^~~~~~~~
1 error generated.
DBG 78609: Setting libzstd (libzstd) status to failed (action disable)
DBG 78609: Check libzstd (WITH_ZSTD, action disable (originally disable)) failed: compile check failed:
CC: CC
flags: -lzstd
gcc  -gstrict-dwarf -O2 -fPIC -Wall -Wsign-compare -Wfloat-equal -Wpointer-arith -Wcast-align -Wall -Werror _mkltmpAVlWUC.c -o _mkltmpAVlWUC.c.o  -L/Users/ricardohbin/dev/kafka-avro/node_modules/node-rdkafka/build/deps -lzstd:
_mkltmpAVlWUC.c:2:10: fatal error: 'zstd.h' file not found
#include <zstd.h>
         ^~~~~~~~
1 error generated.
source: 
#include <zstd.h>
#include <zstd_errors.h>

void foo (void) {
     ZSTD_getFrameContentSize(NULL, 0);
}

DBG 78609: libm: Check for static library (libs -lm, arfile variable STATIC_LIB_libm=, static filenames )
DBG 78609: Compile check libm () (sub=0): gcc  -gstrict-dwarf -O2 -fPIC -Wall -Wsign-compare -Wfloat-equal -Wpointer-arith -Wcast-align -Wall -Werror _mkltmpgZNbpS.c -o _mkltmpgZNbpS.c.o  -L/Users/ricardohbin/dev/kafka-avro/node_modules/node-rdkafka/build/deps -lm
DBG 78609: Setting libm (libm) status to ok (action disable)
DBG 78609: libm: from lib_check: LIBS: prepend -lm
DBG 78609: liblz4: Check for static library (libs -llz4, arfile variable STATIC_LIB_liblz4=, static filenames liblz4.a)
DBG 78609: Compile check liblz4 (WITH_LZ4_EXT) (sub=0): gcc  -gstrict-dwarf -O2 -fPIC -Wall -Wsign-compare -Wfloat-equal -Wpointer-arith -Wcast-align -Wall -Werror _mkltmpNf1c0F.c -o _mkltmpNf1c0F.c.o  -L/Users/ricardohbin/dev/kafka-avro/node_modules/node-rdkafka/build/deps -llz4
DBG 78609: compile check for liblz4 (WITH_LZ4_EXT) failed: gcc  -gstrict-dwarf -O2 -fPIC -Wall -Wsign-compare -Wfloat-equal -Wpointer-arith -Wcast-align -Wall -Werror _mkltmpNf1c0F.c -o _mkltmpNf1c0F.c.o  -L/Users/ricardohbin/dev/kafka-avro/node_modules/node-rdkafka/build/deps -llz4: _mkltmpNf1c0F.c:1:10: fatal error: 'lz4frame.h' file not found
#include <lz4frame.h>
         ^~~~~~~~~~~~
1 error generated.
DBG 78609: Setting liblz4 (liblz4) status to failed (action disable)
DBG 78609: Check liblz4 (WITH_LZ4_EXT, action disable (originally disable)) failed: compile check failed:
CC: CC
flags: -llz4
gcc  -gstrict-dwarf -O2 -fPIC -Wall -Wsign-compare -Wfloat-equal -Wpointer-arith -Wcast-align -Wall -Werror _mkltmpNf1c0F.c -o _mkltmpNf1c0F.c.o  -L/Users/ricardohbin/dev/kafka-avro/node_modules/node-rdkafka/build/deps -llz4:
_mkltmpNf1c0F.c:1:10: fatal error: 'lz4frame.h' file not found
#include <lz4frame.h>
         ^~~~~~~~~~~~
1 error generated.
source: #include <lz4frame.h>
DBG 78609: Compile check rapidjson (WITH_RAPIDJSON) (sub=0): g++  -gstrict-dwarf -O2 -fPIC -Wall -Wsign-compare -Wfloat-equal -Wpointer-arith -Wcast-align -Wall -Werror _mkltmpShtYGr.cpp -o _mkltmpShtYGr.cpp.o  -L/Users/ricardohbin/dev/kafka-avro/node_modules/node-rdkafka/build/deps 
DBG 78609: compile check for rapidjson (WITH_RAPIDJSON) failed: g++  -gstrict-dwarf -O2 -fPIC -Wall -Wsign-compare -Wfloat-equal -Wpointer-arith -Wcast-align -Wall -Werror _mkltmpShtYGr.cpp -o _mkltmpShtYGr.cpp.o  -L/Users/ricardohbin/dev/kafka-avro/node_modules/node-rdkafka/build/deps : _mkltmpShtYGr.cpp:1:10: fatal error: 'rapidjson/schema.h' file not found
#include <rapidjson/schema.h>
         ^~~~~~~~~~~~~~~~~~~~
1 error generated.
DBG 78609: Setting rapidjson (rapidjson) status to failed (action disable)
DBG 78609: Check rapidjson (WITH_RAPIDJSON, action disable (originally disable)) failed: compile check failed:
CC: CXX
flags: 
g++  -gstrict-dwarf -O2 -fPIC -Wall -Wsign-compare -Wfloat-equal -Wpointer-arith -Wcast-align -Wall -Werror _mkltmpShtYGr.cpp -o _mkltmpShtYGr.cpp.o  -L/Users/ricardohbin/dev/kafka-avro/node_modules/node-rdkafka/build/deps :
_mkltmpShtYGr.cpp:1:10: fatal error: 'rapidjson/schema.h' file not found
#include <rapidjson/schema.h>
         ^~~~~~~~~~~~~~~~~~~~
1 error generated.
source: #include <rapidjson/schema.h>
DBG 78609: Compile check crc32chw (WITH_CRC32C_HW) (sub=0): gcc  -gstrict-dwarf -O2 -fPIC -Wall -Wsign-compare -Wfloat-equal -Wpointer-arith -Wcast-align -Wall -Werror _mkltmp9axrwZ.c -o _mkltmp9axrwZ.c.o  -L/Users/ricardohbin/dev/kafka-avro/node_modules/node-rdkafka/build/deps 
DBG 78609: Setting crc32chw (crc32chw) status to ok (action disable)
DBG 78609: Compile check regex (HAVE_REGEX) (sub=0): gcc  -gstrict-dwarf -O2 -fPIC -Wall -Wsign-compare -Wfloat-equal -Wpointer-arith -Wcast-align -Wall -Werror _mkltmp9yEkIs.c -o _mkltmp9yEkIs.c.o  -L/Users/ricardohbin/dev/kafka-avro/node_modules/node-rdkafka/build/deps 
DBG 78609: Setting regex (regex) status to ok (action disable)
DBG 78609: Compile check strndup (HAVE_STRNDUP) (sub=0): gcc  -gstrict-dwarf -O2 -fPIC -Wall -Wsign-compare -Wfloat-equal -Wpointer-arith -Wcast-align -Wall -Werror _mkltmp0kDrbN.c -o _mkltmp0kDrbN.c.o  -L/Users/ricardohbin/dev/kafka-avro/node_modules/node-rdkafka/build/deps 
DBG 78609: Setting strndup (strndup) status to ok (action disable)
DBG 78609: Compile check strerror_r (HAVE_STRERROR_R) (sub=0): gcc  -gstrict-dwarf -O2 -fPIC -Wall -Wsign-compare -Wfloat-equal -Wpointer-arith -Wcast-align -Wall -Werror _mkltmpVxaKIz.c -o _mkltmpVxaKIz.c.o  -L/Users/ricardohbin/dev/kafka-avro/node_modules/node-rdkafka/build/deps 
DBG 78609: Setting strerror_r (strerror_r) status to ok (action disable)
DBG 78609: Compile check pthread_setname_gnu (HAVE_PTHREAD_SETNAME_GNU) (sub=0): gcc  -gstrict-dwarf -O2 -fPIC -Wall -Wsign-compare -Wfloat-equal -Wpointer-arith -Wcast-align -Wall -Werror _mkltmpVlFqCY.c -o _mkltmpVlFqCY.c.o  -L/Users/ricardohbin/dev/kafka-avro/node_modules/node-rdkafka/build/deps -D_GNU_SOURCE -lpthread
DBG 78609: compile check for pthread_setname_gnu (HAVE_PTHREAD_SETNAME_GNU) failed: gcc  -gstrict-dwarf -O2 -fPIC -Wall -Wsign-compare -Wfloat-equal -Wpointer-arith -Wcast-align -Wall -Werror _mkltmpVlFqCY.c -o _mkltmpVlFqCY.c.o  -L/Users/ricardohbin/dev/kafka-avro/node_modules/node-rdkafka/build/deps -D_GNU_SOURCE -lpthread: _mkltmpVlFqCY.c:5:38: error: too many arguments to function call, expected 1, have 2
  pthread_setname_np(pthread_self(), "abc");
  ~~~~~~~~~~~~~~~~~~                 ^~~~~
/usr/include/pthread.h:512:1: note: 'pthread_setname_np' declared here
__API_AVAILABLE(macos(10.6), ios(3.2))
^
/usr/include/Availability.h:449:144: note: expanded from macro '__API_AVAILABLE'
    #define __API_AVAILABLE(...) __API_AVAILABLE_GET_MACRO(__VA_ARGS__,__API_AVAILABLE6, __API_AVAILABLE5, __API_AVAILABLE4, __API_AVAILABLE3, __API_AVAILABLE2, __API_AVAILABLE1, 0)(__VA_ARGS__)
                                                                                                                                               ^
1 error generated.
DBG 78609: Setting pthread_setname_gnu (pthread_setname_gnu) status to failed (action disable)
DBG 78609: Check pthread_setname_gnu (HAVE_PTHREAD_SETNAME_GNU, action disable (originally disable)) failed: compile check failed:
CC: CC
flags: -D_GNU_SOURCE -lpthread
gcc  -gstrict-dwarf -O2 -fPIC -Wall -Wsign-compare -Wfloat-equal -Wpointer-arith -Wcast-align -Wall -Werror _mkltmpVlFqCY.c -o _mkltmpVlFqCY.c.o  -L/Users/ricardohbin/dev/kafka-avro/node_modules/node-rdkafka/build/deps -D_GNU_SOURCE -lpthread:
_mkltmpVlFqCY.c:5:38: error: too many arguments to function call, expected 1, have 2
  pthread_setname_np(pthread_self(), "abc");
  ~~~~~~~~~~~~~~~~~~                 ^~~~~
/usr/include/pthread.h:512:1: note: 'pthread_setname_np' declared here
__API_AVAILABLE(macos(10.6), ios(3.2))
^
/usr/include/Availability.h:449:144: note: expanded from macro '__API_AVAILABLE'
    #define __API_AVAILABLE(...) __API_AVAILABLE_GET_MACRO(__VA_ARGS__,__API_AVAILABLE6, __API_AVAILABLE5, __API_AVAILABLE4, __API_AVAILABLE3, __API_AVAILABLE2, __API_AVAILABLE1, 0)(__VA_ARGS__)
                                                                                                                                               ^
1 error generated.
source: 
#include <pthread.h>

void foo (void) {
  pthread_setname_np(pthread_self(), "abc");
}

DBG 78609: Setting nm (nm) status to ok (action cont)
